Fine-Tuning QA Initialization
2026-02-07 13:16:55,684 | INFO | ==================================================
2026-02-07 13:16:55,684 | INFO | Config loaded: device=cuda, mixed_precision=True
2026-02-07 13:16:55,684 | INFO | Hyperparams: iters=2000, lr=0.0002, batch=4
2026-02-07 13:16:55,684 | INFO | Loading tokenizer and model architecture...
2026-02-07 13:16:56,173 | INFO | Model initialized. Parameters: 40,727,761
2026-02-07 13:16:56,251 | INFO | Dataset ready with 10000 samples.
2026-02-07 13:16:56,447 | INFO | Loading pre-trained checkpoint from: ./checkpoints/model-4P_step50000.pt
2026-02-07 13:16:57,152 | INFO | Weights loaded and model moved to device.
2026-02-07 13:16:57,616 | INFO | Starting fine-tuning...
2026-02-07 13:16:58,714 | INFO | step 0 | val_loss 8.3581 | lr 0.000000e+00
2026-02-07 13:16:58,768 | INFO | step 0: train_loss 8.2423
2026-02-07 13:17:11,181 | INFO | step 200 | val_loss 4.9895 | lr 2.000000e-04
2026-02-07 13:17:23,582 | INFO | step 400 | val_loss 4.5100 | lr 1.954769e-04
2026-02-07 13:17:35,680 | INFO | step 600 | val_loss 4.1382 | lr 1.824533e-04
2026-02-07 13:17:47,573 | INFO | step 800 | val_loss 4.3585 | lr 1.625000e-04
2026-02-07 13:17:59,305 | INFO | Checkpoint saved: ./finetuned/midtrain/midtrain_0001000.pt
2026-02-07 13:18:00,233 | INFO | step 1000 | val_loss 4.2003 | lr 1.380236e-04
2026-02-07 13:18:00,269 | INFO | step 1000: train_loss 4.5661
2026-02-07 13:18:12,390 | INFO | step 1200 | val_loss 3.8810 | lr 1.119764e-04
2026-02-07 13:18:24,517 | INFO | step 1400 | val_loss 4.0310 | lr 8.750000e-05
2026-02-07 13:18:36,612 | INFO | step 1600 | val_loss 3.7570 | lr 6.754667e-05
2026-02-07 13:18:48,673 | INFO | step 1800 | val_loss 3.6857 | lr 5.452305e-05
2026-02-07 13:19:00,082 | INFO | Final checkpoint saved: ./finetuned/midtrain/midtrain_final_0002000.pt
2026-02-07 13:19:00,082 | INFO | Fine-tuning complete! Time: 2.04 min (0.03 hr)
2026-02-07 13:22:32,422 | INFO | 
 

Fine-Tuning SFT Initialization
2026-02-07 13:24:42,110 | INFO | ==================================================
2026-02-07 13:24:42,110 | INFO | Config loaded: device=cuda, mixed_precision=True
2026-02-07 13:24:42,110 | INFO | Hyperparams: iters=1000, lr=1e-05, batch=4
2026-02-07 13:24:42,110 | INFO | Loading tokenizer and model architecture...
2026-02-07 13:24:42,592 | INFO | Model initialized. Parameters: 40,727,761
2026-02-07 13:24:42,611 | INFO | Dataset ready with 30713 samples.
2026-02-07 13:24:42,795 | INFO | Loading pre-trained checkpoint from: ./finetuned/midtrain/midtrain_final_0002000.pt
2026-02-07 13:24:43,405 | INFO | Weights loaded and model moved to device.
2026-02-07 13:24:43,763 | INFO | Starting fine-tuning...
2026-02-07 13:24:44,779 | INFO | step 0 | val_loss 4.2551 | lr 0.000000e+00
2026-02-07 13:24:44,810 | INFO | step 0: train_loss 4.5374
2026-02-07 13:24:51,330 | INFO | step 100 | val_loss 3.6573 | lr 1.000000e-05
2026-02-07 13:24:57,624 | INFO | step 200 | val_loss 3.5318 | lr 9.849232e-06
2026-02-07 13:25:03,417 | INFO | step 300 | val_loss 3.4736 | lr 9.415111e-06
2026-02-07 13:25:09,242 | INFO | step 400 | val_loss 3.4384 | lr 8.750000e-06
2026-02-07 13:25:14,771 | INFO | Checkpoint saved: ./finetuned/sft/sft_0000500.pt
2026-02-07 13:25:15,595 | INFO | step 500 | val_loss 3.4113 | lr 7.934120e-06
2026-02-07 13:25:21,426 | INFO | step 600 | val_loss 3.3971 | lr 7.065880e-06
2026-02-07 13:25:27,271 | INFO | step 700 | val_loss 3.3841 | lr 6.250000e-06
2026-02-07 13:25:33,050 | INFO | step 800 | val_loss 3.3704 | lr 5.584889e-06
2026-02-07 13:25:38,847 | INFO | step 900 | val_loss 3.3557 | lr 5.150768e-06
2026-02-07 13:25:44,272 | INFO | Final checkpoint saved: ./finetuned/sft/sft_final_0001000.pt
2026-02-07 13:25:44,272 | INFO | Fine-tuning complete! Time: 1.01 min (0.02 hr)
2026-02-07 14:24:32,335 | INFO |   
 

Fine-Tuning QA Initialization
2026-02-07 15:09:16,941 | INFO | ==================================================
2026-02-07 15:09:16,941 | INFO | Config loaded: device=cuda, mixed_precision=True
2026-02-07 15:09:16,941 | INFO | Hyperparams: iters=2000, lr=0.0002, batch=4
2026-02-07 15:09:16,941 | INFO | Loading tokenizer and model architecture...
2026-02-07 15:09:17,436 | INFO | Model initialized. Parameters: 40,727,761
2026-02-07 15:09:18,262 | INFO | Dataset ready with 100000 samples.
2026-02-07 15:09:18,510 | INFO | Loading pre-trained checkpoint from: ./checkpoints/model-4P_step50000.pt
2026-02-07 15:09:19,306 | INFO | Weights loaded and model moved to device.
2026-02-07 15:09:19,752 | INFO | Starting fine-tuning...
2026-02-07 15:09:20,989 | INFO | step 0 | val_loss 7.5434 | lr 0.000000e+00
2026-02-07 15:09:21,033 | INFO | step 0: train_loss 8.2175
2026-02-07 15:09:52,661 | INFO | step 500 | val_loss 4.1605 | lr 2.000000e-04
2026-02-07 15:10:24,531 | INFO | Checkpoint saved: ./finetuned/midtrain/midtrain_0001000.pt
2026-02-07 15:10:25,593 | INFO | step 1000 | val_loss 3.7317 | lr 1.625000e-04
2026-02-07 15:10:25,633 | INFO | step 1000: train_loss 4.0321
2026-02-07 15:10:58,006 | INFO | step 1500 | val_loss 3.3904 | lr 8.750000e-05
2026-02-07 15:11:27,336 | INFO | Final checkpoint saved: ./finetuned/midtrain/midtrain_final_0002000.pt
2026-02-07 15:11:27,337 | INFO | Fine-tuning complete! Time: 2.13 min (0.04 hr)
2026-02-07 15:12:53,714 | INFO | 
 2026-02-07 15:13:32,622 | INFO | 


 Fine-Tuning SFT Initialization
2026-02-07 15:13:32,622 | INFO | ==================================================
2026-02-07 15:13:32,622 | INFO | Config loaded: device=cuda, mixed_precision=True
2026-02-07 15:13:32,622 | INFO | Hyperparams: iters=2000, lr=1e-05, batch=4
2026-02-07 15:13:32,622 | INFO | Loading tokenizer and model architecture...
2026-02-07 15:13:33,146 | INFO | Model initialized. Parameters: 40,727,761
2026-02-07 15:13:33,334 | INFO | Dataset ready with 271779 samples.
2026-02-07 15:13:33,605 | INFO | Loading pre-trained checkpoint from: ./finetuned/midtrain/midtrain_final_0002000.pt
2026-02-07 15:13:34,292 | INFO | Weights loaded and model moved to device.
2026-02-07 15:13:34,680 | INFO | Starting fine-tuning...
2026-02-07 15:13:35,708 | INFO | step 0 | val_loss 4.0984 | lr 0.000000e+00
2026-02-07 15:13:35,740 | INFO | step 0: train_loss 4.3938
2026-02-07 15:13:41,711 | INFO | step 100 | val_loss 3.8649 | lr 5.000000e-06
2026-02-07 15:13:47,572 | INFO | step 200 | val_loss 3.7308 | lr 1.000000e-05
2026-02-07 15:13:53,321 | INFO | step 300 | val_loss 3.6476 | lr 9.962019e-06
2026-02-07 15:13:59,031 | INFO | step 400 | val_loss 3.6114 | lr 9.849232e-06
2026-02-07 15:14:04,855 | INFO | step 500 | val_loss 3.5889 | lr 9.665064e-06
2026-02-07 15:14:10,634 | INFO | step 600 | val_loss 3.5577 | lr 9.415111e-06
2026-02-07 15:14:16,507 | INFO | step 700 | val_loss 3.5255 | lr 9.106969e-06
2026-02-07 15:14:22,320 | INFO | step 800 | val_loss 3.4906 | lr 8.750000e-06
2026-02-07 15:14:27,998 | INFO | step 900 | val_loss 3.4729 | lr 8.355050e-06
2026-02-07 15:14:33,325 | INFO | Checkpoint saved: ./finetuned/sft/sft_0001000.pt
2026-02-07 15:14:34,177 | INFO | step 1000 | val_loss 3.4543 | lr 7.934120e-06
2026-02-07 15:14:34,199 | INFO | step 1000: train_loss 3.0344
2026-02-07 15:14:40,095 | INFO | step 1100 | val_loss 3.4426 | lr 7.500000e-06
2026-02-07 15:14:45,875 | INFO | step 1200 | val_loss 3.4225 | lr 7.065880e-06
2026-02-07 15:14:51,676 | INFO | step 1300 | val_loss 3.4049 | lr 6.644950e-06
2026-02-07 15:14:57,488 | INFO | step 1400 | val_loss 3.3953 | lr 6.250000e-06
2026-02-07 15:15:03,369 | INFO | step 1500 | val_loss 3.3794 | lr 5.893031e-06
2026-02-07 15:15:09,216 | INFO | step 1600 | val_loss 3.3619 | lr 5.584889e-06
2026-02-07 15:15:15,097 | INFO | step 1700 | val_loss 3.3564 | lr 5.334936e-06
2026-02-07 15:15:20,903 | INFO | step 1800 | val_loss 3.3516 | lr 5.150768e-06
2026-02-07 15:15:26,667 | INFO | step 1900 | val_loss 3.3476 | lr 5.037981e-06
2026-02-07 15:15:32,067 | INFO | Final checkpoint saved: ./finetuned/sft/sft_final_0002000.pt
2026-02-07 15:15:32,068 | INFO | Fine-tuning complete! Time: 1.96 min (0.03 hr)
